<?xml version="1.0" encoding="UTF-8"?>
<!-- Generated by org.testng.reporters.JUnitReportReporter -->
<testsuite hostname="LT-SUKR" failures="0" tests="1" name="ciklumSamplejenkins.SampleFile" time="30.027" errors="0" timestamp="06 Jul 2022 11:06:02 GMT" skipped="0">
  <testcase classname="ciklumSamplejenkins.SampleFile" name="getData" time="30.027"/>
</testsuite> <!-- ciklumSamplejenkins.SampleFile -->
